<?xml version="1.0" encoding="UTF-8"?>
<testsuites name="null" hostname="localhost" tests="68" failures="0" errors="0" time="89.731" timestamp="2014-07-11T22:33:51Z">
<testsuite id="0" name="BasicPipeline" hostname="localhost" tests="3" failures="0" errors="0" time="0.435" timestamp="2014-07-11T22:33:51Z">
<testcase name="Creation" tests="3" failures="0" errors="0" time="0.435" timestamp="2014-07-11T22:33:51Z">
</testcase>
</testsuite>
<testsuite id="1" name="FaceOverlayFilter" hostname="localhost" tests="3" failures="0" errors="0" time="17.015" timestamp="2014-07-11T22:33:51Z">
<testcase name="Detect face in a video" tests="3" failures="0" errors="0" time="17.015" timestamp="2014-07-11T22:33:51Z">
</testcase>
</testsuite>
<testsuite id="2" name="GStreamerFilter" hostname="localhost" tests="3" failures="0" errors="0" time="5.772" timestamp="2014-07-11T22:34:08Z">
<testcase name="End of Stream" tests="3" failures="0" errors="0" time="5.771" timestamp="2014-07-11T22:34:08Z">
</testcase>
</testsuite>
<testsuite id="3" name="HttpGetEndpoint" hostname="localhost" tests="7" failures="0" errors="0" time="6.129" timestamp="2014-07-11T22:34:14Z">
<testcase name="Method GetUrl" tests="2" failures="0" errors="0" time="0.215" timestamp="2014-07-11T22:34:14Z">
</testcase>
<testcase name="Media session started" tests="5" failures="0" errors="0" time="5.914" timestamp="2014-07-11T22:34:14Z">
</testcase>
</testsuite>
<testsuite id="4" name="HttpPostEndpoint" hostname="localhost" tests="7" failures="0" errors="0" time="6.116" timestamp="2014-07-11T22:34:20Z">
<testcase name="Method GetUrl" tests="2" failures="0" errors="0" time="0.212" timestamp="2014-07-11T22:34:20Z">
</testcase>
<testcase name="Media session started" tests="5" failures="0" errors="0" time="5.904" timestamp="2014-07-11T22:34:20Z">
</testcase>
</testsuite>
<testsuite id="5" name="JackVaderFilter" hostname="localhost" tests="3" failures="0" errors="0" time="5.998" timestamp="2014-07-11T22:34:26Z">
<testcase name="End of Stream" tests="3" failures="0" errors="0" time="5.998" timestamp="2014-07-11T22:34:26Z">
</testcase>
</testsuite>
<testsuite id="6" name="PlateDetectorFilter" hostname="localhost" tests="1" failures="0" errors="0" time="1.068" timestamp="2014-07-11T22:34:32Z">
<testcase name="Detect plate in a video" tests="1" failures="0" errors="0" time="1.068" timestamp="2014-07-11T22:34:32Z">
</testcase>
</testsuite>
<testsuite id="7" name="PlayerEndpoint" hostname="localhost" tests="6" failures="0" errors="0" time="6.2" timestamp="2014-07-11T22:34:33Z">
<testcase name="Play, Pause &amp; Stop" tests="4" failures="0" errors="0" time="0.231" timestamp="2014-07-11T22:34:33Z">
</testcase>
<testcase name="End of Stream" tests="1" failures="0" errors="0" time="5.756" timestamp="2014-07-11T22:34:33Z">
</testcase>
<testcase name="GetUri" tests="1" failures="0" errors="0" time="0.213" timestamp="2014-07-11T22:34:39Z">
</testcase>
</testsuite>
<testsuite id="8" name="PointerDetectorFilter" hostname="localhost" tests="5" failures="0" errors="0" time="31.38" timestamp="2014-07-11T22:34:39Z">
<testcase name="Detect pointer" tests="1" failures="0" errors="0" time="10.7" timestamp="2014-07-11T22:34:39Z">
</testcase>
<testcase name="Window events" tests="2" failures="0" errors="0" time="12.236" timestamp="2014-07-11T22:34:50Z">
</testcase>
<testcase name="Window overlay" tests="2" failures="0" errors="0" time="8.444" timestamp="2014-07-11T22:35:02Z">
</testcase>
</testsuite>
<testsuite id="9" name="RecorderEndpoint" hostname="localhost" tests="5" failures="0" errors="0" time="0.436" timestamp="2014-07-11T22:35:11Z">
<testcase name="Record, Pause &amp; Stop" tests="4" failures="0" errors="0" time="0.224" timestamp="2014-07-11T22:35:11Z">
</testcase>
<testcase name="GetUrl" tests="1" failures="0" errors="0" time="0.212" timestamp="2014-07-11T22:35:11Z">
</testcase>
</testsuite>
<testsuite id="10" name="RtpEndpoint" hostname="localhost" tests="9" failures="0" errors="0" time="3.264" timestamp="2014-07-11T22:35:11Z">
<testcase name="Get local session descriptor" tests="1" failures="0" errors="0" time="0.151" timestamp="2014-07-11T22:35:11Z">
</testcase>
<testcase name="Get remote session descriptor" tests="1" failures="0" errors="0" time="0.26" timestamp="2014-07-11T22:35:11Z">
</testcase>
<testcase name="Generate offer" tests="1" failures="0" errors="0" time="0.128" timestamp="2014-07-11T22:35:12Z">
</testcase>
<testcase name="Process offer" tests="1" failures="0" errors="0" time="0.178" timestamp="2014-07-11T22:35:12Z">
</testcase>
<testcase name="Process answer" tests="3" failures="0" errors="0" time="0.276" timestamp="2014-07-11T22:35:12Z">
</testcase>
<testcase name="RtpEndpoint simulating Android SDP" tests="2" failures="0" errors="0" time="2.271" timestamp="2014-07-11T22:35:12Z">
</testcase>
</testsuite>
<testsuite id="11" name="RtpEndpoint2" hostname="localhost" tests="6" failures="0" errors="0" time="1.368" timestamp="2014-07-11T22:35:14Z">
<testcase name="CampusParty simulated pipeline" tests="2" failures="0" errors="0" time="0.375" timestamp="2014-07-11T22:35:14Z">
</testcase>
<testcase name="Source sinks" tests="4" failures="0" errors="0" time="0.396" timestamp="2014-07-11T22:35:15Z">
</testcase>
<testcase name="Connect" tests="0" failures="0" errors="0" time="0.283" timestamp="2014-07-11T22:35:15Z">
</testcase>
<testcase name="Connect by type" tests="0" failures="0" errors="0" time="0.314" timestamp="2014-07-11T22:35:15Z">
</testcase>
</testsuite>
<testsuite id="12" name="WebRtcEndpoint" hostname="localhost" tests="7" failures="0" errors="0" time="3.814" timestamp="2014-07-11T22:35:16Z">
<testcase name="Get local session descriptor" tests="1" failures="0" errors="0" time="0.278" timestamp="2014-07-11T22:35:16Z">
</testcase>
<testcase name="Get remote session descriptor" tests="1" failures="0" errors="0" time="0.306" timestamp="2014-07-11T22:35:16Z">
</testcase>
<testcase name="Generate offer" tests="1" failures="0" errors="0" time="0.201" timestamp="2014-07-11T22:35:16Z">
</testcase>
<testcase name="Process offer" tests="1" failures="0" errors="0" time="0.211" timestamp="2014-07-11T22:35:17Z">
</testcase>
<testcase name="Process answer" tests="3" failures="0" errors="0" time="0.454" timestamp="2014-07-11T22:35:17Z">
</testcase>
<testcase name="RtpEndpoint simulating Android SDP" tests="0" failures="0" errors="0" time="2.364" timestamp="2014-07-11T22:35:17Z">
</testcase>
</testsuite>
<testsuite id="13" name="ZBarFilter" hostname="localhost" tests="3" failures="0" errors="0" time="0.648" timestamp="2014-07-11T22:35:20Z">
<testcase name="Create pipeline and play video" tests="2" failures="0" errors="0" time="0.269" timestamp="2014-07-11T22:35:20Z">
</testcase>
<testcase name="Detect bar-code in a video" tests="1" failures="0" errors="0" time="0.379" timestamp="2014-07-11T22:35:20Z">
</testcase>
</testsuite>
</testsuites>